-------------------------------------------------------------------------------
Test set: via.sdj3.grpcspringbootx.GrpcSpringbootXApplicationTests
-------------------------------------------------------------------------------
Tests run: 1, Failures: 0, Errors: 1, Skipped: 0, Time elapsed: 1.342 s <<< FAILURE! - in via.sdj3.grpcspringbootx.GrpcSpringbootXApplicationTests
contextLoads  Time elapsed: 0.001 s  <<< ERROR!
java.lang.IllegalStateException: Failed to load ApplicationContext
Caused by: org.springframework.beans.factory.BeanCreationException: Error creating bean with name 'getAnimalsRegistrationNumbersHalf' defined in file [C:\Users\Jakub Nowak\IdeaProjects\SDJ3Assignment3\target\classes\via\sdj3\grpcspringbootx\service\GetAnimalsRegistrationNumbersHalf.class]: Instantiation of bean failed; nested exception is org.springframework.beans.BeanInstantiationException: Failed to instantiate [via.sdj3.grpcspringbootx.service.GetAnimalsRegistrationNumbersHalf]: Constructor threw exception; nested exception is java.lang.NullPointerException: Cannot invoke "via.sdj3.grpcspringbootx.model.HalfAnAnimal.getParts()" because "this.halfAnAnimal" is null
Caused by: org.springframework.beans.BeanInstantiationException: Failed to instantiate [via.sdj3.grpcspringbootx.service.GetAnimalsRegistrationNumbersHalf]: Constructor threw exception; nested exception is java.lang.NullPointerException: Cannot invoke "via.sdj3.grpcspringbootx.model.HalfAnAnimal.getParts()" because "this.halfAnAnimal" is null
Caused by: java.lang.NullPointerException: Cannot invoke "via.sdj3.grpcspringbootx.model.HalfAnAnimal.getParts()" because "this.halfAnAnimal" is null

